<?xml version="1.0" encoding="UTF-8"?>
<coverage generated="1713988141033" clover="3.2.0">
  <project timestamp="1713988141033" name="All files">
    <metrics statements="25" coveredstatements="20" conditionals="10" coveredconditionals="5" methods="6" coveredmethods="6" elements="41" coveredelements="31" complexity="0" loc="25" ncloc="25" packages="1" files="2" classes="2"/>
    <file name="calc.js" path="C:\Users\disrct\Desktop\mongo\src\commom\calc.js">
      <metrics statements="11" coveredstatements="8" conditionals="4" coveredconditionals="1" methods="5" coveredmethods="5"/>
      <line num="2" count="1" type="stmt"/>
      <line num="5" count="1" type="stmt"/>
      <line num="8" count="1" type="stmt"/>
      <line num="11" count="1" type="stmt"/>
      <line num="14" count="1" type="cond" truecount="1" falsecount="1"/>
      <line num="16" count="0" type="stmt"/>
      <line num="18" count="1" type="stmt"/>
      <line num="19" count="0" type="cond" truecount="0" falsecount="2"/>
      <line num="20" count="0" type="stmt"/>
      <line num="23" count="1" type="stmt"/>
      <line num="25" count="1" type="stmt"/>
    </file>
    <file name="cpf.js" path="C:\Users\disrct\Desktop\mongo\src\commom\cpf.js">
      <metrics statements="14" coveredstatements="12" conditionals="6" coveredconditionals="4" methods="1" coveredmethods="1"/>
      <line num="2" count="3" type="stmt"/>
      <line num="4" count="3" type="stmt"/>
      <line num="5" count="27" type="stmt"/>
      <line num="8" count="3" type="stmt"/>
      <line num="9" count="3" type="cond" truecount="1" falsecount="1"/>
      <line num="10" count="0" type="stmt"/>
      <line num="13" count="3" type="stmt"/>
      <line num="15" count="3" type="stmt"/>
      <line num="16" count="30" type="stmt"/>
      <line num="19" count="3" type="stmt"/>
      <line num="20" count="3" type="cond" truecount="1" falsecount="1"/>
      <line num="21" count="0" type="stmt"/>
      <line num="24" count="3" type="cond" truecount="2" falsecount="0"/>
      <line num="27" count="1" type="stmt"/>
    </file>
  </project>
</coverage>
