TN:
SF:src\commom\calc.js
FN:1,Soma
FN:4,Sub
FN:7,Mult
FN:10,Div
FN:13,Primo
FNF:5
FNH:5
FNDA:1,Soma
FNDA:1,Sub
FNDA:1,Mult
FNDA:1,Div
FNDA:1,Primo
DA:2,1
DA:5,1
DA:8,1
DA:11,1
DA:14,1
DA:16,0
DA:18,1
DA:19,0
DA:20,0
DA:23,1
DA:25,1
LF:11
LH:8
BRDA:14,0,0,0
BRDA:14,0,1,1
BRDA:19,1,0,0
BRDA:19,1,1,0
BRF:4
BRH:1
end_of_record
TN:
SF:src\commom\cpf.js
FN:1,Verify
FNF:1
FNH:1
FNDA:3,Verify
DA:2,3
DA:4,3
DA:5,27
DA:8,3
DA:9,3
DA:10,0
DA:13,3
DA:15,3
DA:16,30
DA:19,3
DA:20,3
DA:21,0
DA:24,3
DA:27,1
LF:14
LH:12
BRDA:9,0,0,0
BRDA:9,0,1,3
BRDA:20,1,0,0
BRDA:20,1,1,3
BRDA:24,2,0,3
BRDA:24,2,1,2
BRF:6
BRH:4
end_of_record
